# JRE version: OpenJDK Runtime Environment Temurin-17.0.9+9 (17.0.9+9) (build 17.0.9+9)
# Java VM: OpenJDK 64-Bit Server VM Temurin-17.0.9+9 (17.0.9+9, mixed mode, tiered, compressed oops, compressed class ptrs, parallel gc, windows-amd64)
GC Precious Log:
 CPUs: 8 total, 8 available
 Memory: 16222M
 Large Page Support: Disabled
 NUMA Support: Disabled
 Compressed Oops: Enabled (32-bit)
 Alignments: Space 512K, Generation 512K, Heap 2M
 Heap Min Capacity: 100M
 Heap Initial Capacity: 100M
 Heap Max Capacity: 1G
 Pre-touch: Disabled
 Parallel Workers: 8
Heap:
 PSYoungGen      total 22528K, used 13418K [0x00000000eab00000, 0x00000000ec680000, 0x0000000100000000)
  eden space 22016K, 58% used [0x00000000eab00000,0x00000000eb7a2ae8,0x00000000ec080000)
  from space 512K, 93% used [0x00000000ec600000,0x00000000ec678000,0x00000000ec680000)
  to   space 1024K, 0% used [0x00000000ec480000,0x00000000ec480000,0x00000000ec580000)
 ParOldGen       total 68608K, used 17400K [0x00000000c0000000, 0x00000000c4300000, 0x00000000eab00000)
  object space 68608K, 25% used [0x00000000c0000000,0x00000000c10fe370,0x00000000c4300000)
 Metaspace       used 43066K, committed 43904K, reserved 1114112K
  class space    used 4490K, committed 4864K, reserved 1048576K
GC Heap History (20 events):
Event: 8.979 GC heap before
{Heap before GC invocations=7 (full 1):
 PSYoungGen      total 29696K, used 25600K [0x00000000eab00000, 0x00000000ece00000, 0x0000000100000000)
  eden space 25600K, 100% used [0x00000000eab00000,0x00000000ec400000,0x00000000ec400000)
  from space 4096K, 0% used [0x00000000ec400000,0x00000000ec400000,0x00000000ec800000)
  to   space 5120K, 0% used [0x00000000ec900000,0x00000000ec900000,0x00000000ece00000)
 ParOldGen       total 68608K, used 10628K [0x00000000c0000000, 0x00000000c4300000, 0x00000000eab00000)
  object space 68608K, 15% used [0x00000000c0000000,0x00000000c0a61228,0x00000000c4300000)
 Metaspace       used 24018K, committed 24512K, reserved 1114112K
  class space    used 2423K, committed 2624K, reserved 1048576K
}
Event: 8.986 GC heap after
{Heap after GC invocations=7 (full 1):
 PSYoungGen      total 28672K, used 3104K [0x00000000eab00000, 0x00000000ecc80000, 0x0000000100000000)
  eden space 25088K, 0% used [0x00000000eab00000,0x00000000eab00000,0x00000000ec380000)
  from space 3584K, 86% used [0x00000000ec900000,0x00000000ecc08000,0x00000000ecc80000)
  to   space 4096K, 0% used [0x00000000ec480000,0x00000000ec480000,0x00000000ec880000)
 ParOldGen       total 68608K, used 10636K [0x00000000c0000000, 0x00000000c4300000, 0x00000000eab00000)
  object space 68608K, 15% used [0x00000000c0000000,0x00000000c0a63228,0x00000000c4300000)
 Metaspace       used 24018K, committed 24512K, reserved 1114112K
  class space    used 2423K, committed 2624K, reserved 1048576K
}
Event: 9.756 GC heap before
{Heap before GC invocations=8 (full 1):
 PSYoungGen      total 28672K, used 28192K [0x00000000eab00000, 0x00000000ecc80000, 0x0000000100000000)
  eden space 25088K, 100% used [0x00000000eab00000,0x00000000ec380000,0x00000000ec380000)
  from space 3584K, 86% used [0x00000000ec900000,0x00000000ecc08000,0x00000000ecc80000)
  to   space 4096K, 0% used [0x00000000ec480000,0x00000000ec480000,0x00000000ec880000)
 ParOldGen       total 68608K, used 10636K [0x00000000c0000000, 0x00000000c4300000, 0x00000000eab00000)
  object space 68608K, 15% used [0x00000000c0000000,0x00000000c0a63228,0x00000000c4300000)
 Metaspace       used 26763K, committed 27328K, reserved 1114112K
  class space    used 2723K, committed 2944K, reserved 1048576K
}
Event: 9.760 GC heap after
{Heap after GC invocations=8 (full 1):
 PSYoungGen      total 28672K, used 4067K [0x00000000eab00000, 0x00000000ece00000, 0x0000000100000000)
  eden space 24576K, 0% used [0x00000000eab00000,0x00000000eab00000,0x00000000ec300000)
  from space 4096K, 99% used [0x00000000ec480000,0x00000000ec878f38,0x00000000ec880000)
  to   space 5632K, 0% used [0x00000000ec880000,0x00000000ec880000,0x00000000ece00000)
 ParOldGen       total 68608K, used 11596K [0x00000000c0000000, 0x00000000c4300000, 0x00000000eab00000)
  object space 68608K, 16% used [0x00000000c0000000,0x00000000c0b53228,0x00000000c4300000)
 Metaspace       used 26763K, committed 27328K, reserved 1114112K
  class space    used 2723K, committed 2944K, reserved 1048576K
}
Event: 10.288 GC heap before
{Heap before GC invocations=9 (full 1):
 PSYoungGen      total 28672K, used 28643K [0x00000000eab00000, 0x00000000ece00000, 0x0000000100000000)
  eden space 24576K, 100% used [0x00000000eab00000,0x00000000ec300000,0x00000000ec300000)
  from space 4096K, 99% used [0x00000000ec480000,0x00000000ec878f38,0x00000000ec880000)
  to   space 5632K, 0% used [0x00000000ec880000,0x00000000ec880000,0x00000000ece00000)
 ParOldGen       total 68608K, used 11596K [0x00000000c0000000, 0x00000000c4300000, 0x00000000eab00000)
  object space 68608K, 16% used [0x00000000c0000000,0x00000000c0b53228,0x00000000c4300000)
 Metaspace       used 29579K, committed 30272K, reserved 1114112K
  class space    used 2905K, committed 3200K, reserved 1048576K
}
Event: 10.291 GC heap after
{Heap after GC invocations=9 (full 1):
 PSYoungGen      total 28672K, used 4298K [0x00000000eab00000, 0x00000000ecd00000, 0x0000000100000000)
  eden space 24064K, 0% used [0x00000000eab00000,0x00000000eab00000,0x00000000ec280000)
  from space 4608K, 93% used [0x00000000ec880000,0x00000000eccb2a90,0x00000000ecd00000)
  to   space 4608K, 0% used [0x00000000ec400000,0x00000000ec400000,0x00000000ec880000)
 ParOldGen       total 68608K, used 11604K [0x00000000c0000000, 0x00000000c4300000, 0x00000000eab00000)
  object space 68608K, 16% used [0x00000000c0000000,0x00000000c0b55228,0x00000000c4300000)
 Metaspace       used 29579K, committed 30272K, reserved 1114112K
  class space    used 2905K, committed 3200K, reserved 1048576K
}
Event: 10.667 GC heap before
{Heap before GC invocations=10 (full 1):
 PSYoungGen      total 28672K, used 28362K [0x00000000eab00000, 0x00000000ecd00000, 0x0000000100000000)
  eden space 24064K, 100% used [0x00000000eab00000,0x00000000ec280000,0x00000000ec280000)
  from space 4608K, 93% used [0x00000000ec880000,0x00000000eccb2a90,0x00000000ecd00000)
  to   space 4608K, 0% used [0x00000000ec400000,0x00000000ec400000,0x00000000ec880000)
 ParOldGen       total 68608K, used 11604K [0x00000000c0000000, 0x00000000c4300000, 0x00000000eab00000)
  object space 68608K, 16% used [0x00000000c0000000,0x00000000c0b55228,0x00000000c4300000)
 Metaspace       used 32055K, committed 32704K, reserved 1114112K
  class space    used 3101K, committed 3392K, reserved 1048576K
}
Event: 10.670 GC heap after
{Heap after GC invocations=10 (full 1):
 PSYoungGen      total 26624K, used 2718K [0x00000000eab00000, 0x00000000ec900000, 0x0000000100000000)
  eden space 23552K, 0% used [0x00000000eab00000,0x00000000eab00000,0x00000000ec200000)
  from space 3072K, 88% used [0x00000000ec400000,0x00000000ec6a7a68,0x00000000ec700000)
  to   space 2048K, 0% used [0x00000000ec700000,0x00000000ec700000,0x00000000ec900000)
 ParOldGen       total 68608K, used 13581K [0x00000000c0000000, 0x00000000c4300000, 0x00000000eab00000)
  object space 68608K, 19% used [0x00000000c0000000,0x00000000c0d43650,0x00000000c4300000)
 Metaspace       used 32055K, committed 32704K, reserved 1114112K
  class space    used 3101K, committed 3392K, reserved 1048576K
}
Event: 11.713 GC heap before
{Heap before GC invocations=11 (full 1):
 PSYoungGen      total 26624K, used 26270K [0x00000000eab00000, 0x00000000ec900000, 0x0000000100000000)
  eden space 23552K, 100% used [0x00000000eab00000,0x00000000ec200000,0x00000000ec200000)
  from space 3072K, 88% used [0x00000000ec400000,0x00000000ec6a7a68,0x00000000ec700000)
  to   space 2048K, 0% used [0x00000000ec700000,0x00000000ec700000,0x00000000ec900000)
 ParOldGen       total 68608K, used 13581K [0x00000000c0000000, 0x00000000c4300000, 0x00000000eab00000)
  object space 68608K, 19% used [0x00000000c0000000,0x00000000c0d43650,0x00000000c4300000)
 Metaspace       used 35075K, committed 35776K, reserved 1114112K
  class space    used 3473K, committed 3776K, reserved 1048576K
}
Event: 11.734 GC heap after
{Heap after GC invocations=11 (full 1):
 PSYoungGen      total 24576K, used 1285K [0x00000000eab00000, 0x00000000ec880000, 0x0000000100000000)
  eden space 23040K, 0% used [0x00000000eab00000,0x00000000eab00000,0x00000000ec180000)
  from space 1536K, 83% used [0x00000000ec700000,0x00000000ec841790,0x00000000ec880000)
  to   space 2048K, 0% used [0x00000000ec480000,0x00000000ec480000,0x00000000ec680000)
 ParOldGen       total 68608K, used 15779K [0x00000000c0000000, 0x00000000c4300000, 0x00000000eab00000)
  object space 68608K, 22% used [0x00000000c0000000,0x00000000c0f68e68,0x00000000c4300000)
 Metaspace       used 35075K, committed 35776K, reserved 1114112K
  class space    used 3473K, committed 3776K, reserved 1048576K
}
Event: 11.793 GC heap before
{Heap before GC invocations=12 (full 1):
 PSYoungGen      total 24576K, used 2675K [0x00000000eab00000, 0x00000000ec880000, 0x0000000100000000)
  eden space 23040K, 6% used [0x00000000eab00000,0x00000000eac5b798,0x00000000ec180000)
  from space 1536K, 83% used [0x00000000ec700000,0x00000000ec841790,0x00000000ec880000)
  to   space 2048K, 0% used [0x00000000ec480000,0x00000000ec480000,0x00000000ec680000)
 ParOldGen       total 68608K, used 15779K [0x00000000c0000000, 0x00000000c4300000, 0x00000000eab00000)
  object space 68608K, 22% used [0x00000000c0000000,0x00000000c0f68e68,0x00000000c4300000)
 Metaspace       used 35193K, committed 35840K, reserved 1114112K
  class space    used 3495K, committed 3776K, reserved 1048576K
}
Event: 11.794 GC heap after
{Heap after GC invocations=12 (full 1):
 PSYoungGen      total 25088K, used 192K [0x00000000eab00000, 0x00000000ec780000, 0x0000000100000000)
  eden space 23040K, 0% used [0x00000000eab00000,0x00000000eab00000,0x00000000ec180000)
  from space 2048K, 9% used [0x00000000ec480000,0x00000000ec4b0000,0x00000000ec680000)
  to   space 1024K, 0% used [0x00000000ec680000,0x00000000ec680000,0x00000000ec780000)
 ParOldGen       total 68608K, used 16933K [0x00000000c0000000, 0x00000000c4300000, 0x00000000eab00000)
  object space 68608K, 24% used [0x00000000c0000000,0x00000000c10896e8,0x00000000c4300000)
 Metaspace       used 35193K, committed 35840K, reserved 1114112K
  class space    used 3495K, committed 3776K, reserved 1048576K
}
Event: 11.794 GC heap before
{Heap before GC invocations=13 (full 2):
 PSYoungGen      total 25088K, used 192K [0x00000000eab00000, 0x00000000ec780000, 0x0000000100000000)
  eden space 23040K, 0% used [0x00000000eab00000,0x00000000eab00000,0x00000000ec180000)
  from space 2048K, 9% used [0x00000000ec480000,0x00000000ec4b0000,0x00000000ec680000)
  to   space 1024K, 0% used [0x00000000ec680000,0x00000000ec680000,0x00000000ec780000)
 ParOldGen       total 68608K, used 16933K [0x00000000c0000000, 0x00000000c4300000, 0x00000000eab00000)
  object space 68608K, 24% used [0x00000000c0000000,0x00000000c10896e8,0x00000000c4300000)
 Metaspace       used 35193K, committed 35840K, reserved 1114112K
  class space    used 3495K, committed 3776K, reserved 1048576K
}
Event: 11.837 GC heap after
{Heap after GC invocations=13 (full 2):
 PSYoungGen      total 25088K, used 0K [0x00000000eab00000, 0x00000000ec780000, 0x0000000100000000)
  eden space 23040K, 0% used [0x00000000eab00000,0x00000000eab00000,0x00000000ec180000)
  from space 2048K, 0% used [0x00000000ec480000,0x00000000ec480000,0x00000000ec680000)
  to   space 1024K, 0% used [0x00000000ec680000,0x00000000ec680000,0x00000000ec780000)
 ParOldGen       total 68608K, used 15302K [0x00000000c0000000, 0x00000000c4300000, 0x00000000eab00000)
  object space 68608K, 22% used [0x00000000c0000000,0x00000000c0ef1960,0x00000000c4300000)
 Metaspace       used 35180K, committed 35840K, reserved 1114112K
  class space    used 3492K, committed 3776K, reserved 1048576K
}
Event: 13.520 GC heap before
{Heap before GC invocations=14 (full 2):
 PSYoungGen      total 25088K, used 23040K [0x00000000eab00000, 0x00000000ec780000, 0x0000000100000000)
  eden space 23040K, 100% used [0x00000000eab00000,0x00000000ec180000,0x00000000ec180000)
  from space 2048K, 0% used [0x00000000ec480000,0x00000000ec480000,0x00000000ec680000)
  to   space 1024K, 0% used [0x00000000ec680000,0x00000000ec680000,0x00000000ec780000)
 ParOldGen       total 68608K, used 15302K [0x00000000c0000000, 0x00000000c4300000, 0x00000000eab00000)
  object space 68608K, 22% used [0x00000000c0000000,0x00000000c0ef1960,0x00000000c4300000)
 Metaspace       used 37573K, committed 38336K, reserved 1114112K
  class space    used 3800K, committed 4096K, reserved 1048576K
}
Event: 13.522 GC heap after
{Heap after GC invocations=14 (full 2):
 PSYoungGen      total 23552K, used 1006K [0x00000000eab00000, 0x00000000ec780000, 0x0000000100000000)
  eden space 22528K, 0% used [0x00000000eab00000,0x00000000eab00000,0x00000000ec100000)
  from space 1024K, 98% used [0x00000000ec680000,0x00000000ec77bbb8,0x00000000ec780000)
  to   space 1536K, 0% used [0x00000000ec480000,0x00000000ec480000,0x00000000ec600000)
 ParOldGen       total 68608K, used 15350K [0x00000000c0000000, 0x00000000c4300000, 0x00000000eab00000)
  object space 68608K, 22% used [0x00000000c0000000,0x00000000c0efd960,0x00000000c4300000)
 Metaspace       used 37573K, committed 38336K, reserved 1114112K
  class space    used 3800K, committed 4096K, reserved 1048576K
}
Event: 14.014 GC heap before
{Heap before GC invocations=15 (full 2):
 PSYoungGen      total 23552K, used 23534K [0x00000000eab00000, 0x00000000ec780000, 0x0000000100000000)
  eden space 22528K, 100% used [0x00000000eab00000,0x00000000ec100000,0x00000000ec100000)
  from space 1024K, 98% used [0x00000000ec680000,0x00000000ec77bbb8,0x00000000ec780000)
  to   space 1536K, 0% used [0x00000000ec480000,0x00000000ec480000,0x00000000ec600000)
 ParOldGen       total 68608K, used 15350K [0x00000000c0000000, 0x00000000c4300000, 0x00000000eab00000)
  object space 68608K, 22% used [0x00000000c0000000,0x00000000c0efd960,0x00000000c4300000)
 Metaspace       used 40091K, committed 40832K, reserved 1114112K
  class space    used 4094K, committed 4480K, reserved 1048576K
}
Event: 14.016 GC heap after
{Heap after GC invocations=15 (full 2):
 PSYoungGen      total 23552K, used 1305K [0x00000000eab00000, 0x00000000ec700000, 0x0000000100000000)
  eden space 22016K, 0% used [0x00000000eab00000,0x00000000eab00000,0x00000000ec080000)
  from space 1536K, 84% used [0x00000000ec480000,0x00000000ec5c65f8,0x00000000ec600000)
  to   space 1024K, 0% used [0x00000000ec600000,0x00000000ec600000,0x00000000ec700000)
 ParOldGen       total 68608K, used 16227K [0x00000000c0000000, 0x00000000c4300000, 0x00000000eab00000)
  object space 68608K, 23% used [0x00000000c0000000,0x00000000c0fd8c38,0x00000000c4300000)
 Metaspace       used 40091K, committed 40832K, reserved 1114112K
  class space    used 4094K, committed 4480K, reserved 1048576K
}
Event: 14.309 GC heap before
{Heap before GC invocations=16 (full 2):
 PSYoungGen      total 23552K, used 23280K [0x00000000eab00000, 0x00000000ec700000, 0x0000000100000000)
  eden space 22016K, 99% used [0x00000000eab00000,0x00000000ec075d70,0x00000000ec080000)
  from space 1536K, 84% used [0x00000000ec480000,0x00000000ec5c65f8,0x00000000ec600000)
  to   space 1024K, 0% used [0x00000000ec600000,0x00000000ec600000,0x00000000ec700000)
 ParOldGen       total 68608K, used 16227K [0x00000000c0000000, 0x00000000c4300000, 0x00000000eab00000)
  object space 68608K, 23% used [0x00000000c0000000,0x00000000c0fd8c38,0x00000000c4300000)
 Metaspace       used 41649K, committed 42496K, reserved 1114112K
  class space    used 4287K, committed 4672K, reserved 1048576K
}
Event: 14.311 GC heap after
{Heap after GC invocations=16 (full 2):
 PSYoungGen      total 22528K, used 480K [0x00000000eab00000, 0x00000000ec680000, 0x0000000100000000)
  eden space 22016K, 0% used [0x00000000eab00000,0x00000000eab00000,0x00000000ec080000)
  from space 512K, 93% used [0x00000000ec600000,0x00000000ec678000,0x00000000ec680000)
  to   space 1024K, 0% used [0x00000000ec480000,0x00000000ec480000,0x00000000ec580000)
 ParOldGen       total 68608K, used 17400K [0x00000000c0000000, 0x00000000c4300000, 0x00000000eab00000)
  object space 68608K, 25% used [0x00000000c0000000,0x00000000c10fe370,0x00000000c4300000)
 Metaspace       used 41649K, committed 42496K, reserved 1114112K
  class space    used 4287K, committed 4672K, reserved 1048576K
}

