# JRE version: OpenJDK Runtime Environment Microsoft-8035250 (11.0.20+8) (build 11.0.20+8-LTS)
# Java VM: OpenJDK 64-Bit Server VM Microsoft-8035250 (11.0.20+8-LTS, mixed mode, tiered, compressed oops, g1 gc, windows-amd64)
Heap:
 garbage-first heap   total 450560K, used 282524K [0x00000006e0000000, 0x0000000800000000)
  region size 1024K, 45 young (46080K), 5 survivors (5120K)
 Metaspace       used 107747K, capacity 113964K, committed 114248K, reserved 1146880K
  class space    used 13796K, capacity 15962K, committed 16128K, reserved 1048576K
GC Heap History (20 events):
Event: 49.105 GC heap before
{Heap before GC invocations=26 (full 0):
 garbage-first heap   total 312320K, used 258706K [0x00000006e0000000, 0x0000000800000000)
  region size 1024K, 69 young (70656K), 6 survivors (6144K)
 Metaspace       used 100972K, capacity 106921K, committed 107464K, reserved 1142784K
  class space    used 12994K, capacity 15065K, committed 15232K, reserved 1048576K
}
Event: 49.116 GC heap after
{Heap after GC invocations=27 (full 0):
 garbage-first heap   total 312320K, used 201339K [0x00000006e0000000, 0x0000000800000000)
  region size 1024K, 7 young (7168K), 7 survivors (7168K)
 Metaspace       used 100972K, capacity 106921K, committed 107464K, reserved 1142784K
  class space    used 12994K, capacity 15065K, committed 15232K, reserved 1048576K
}
Event: 49.156 GC heap before
{Heap before GC invocations=27 (full 0):
 garbage-first heap   total 312320K, used 206459K [0x00000006e0000000, 0x0000000800000000)
  region size 1024K, 13 young (13312K), 7 survivors (7168K)
 Metaspace       used 100974K, capacity 106921K, committed 107464K, reserved 1142784K
  class space    used 12994K, capacity 15065K, committed 15232K, reserved 1048576K
}
Event: 49.163 GC heap after
{Heap after GC invocations=28 (full 0):
 garbage-first heap   total 312320K, used 202138K [0x00000006e0000000, 0x0000000800000000)
  region size 1024K, 1 young (1024K), 1 survivors (1024K)
 Metaspace       used 100974K, capacity 106921K, committed 107464K, reserved 1142784K
  class space    used 12994K, capacity 15065K, committed 15232K, reserved 1048576K
}
Event: 49.920 GC heap before
{Heap before GC invocations=29 (full 0):
 garbage-first heap   total 312320K, used 263578K [0x00000006e0000000, 0x0000000800000000)
  region size 1024K, 61 young (62464K), 1 survivors (1024K)
 Metaspace       used 101109K, capacity 107002K, committed 107464K, reserved 1142784K
  class space    used 12997K, capacity 15068K, committed 15232K, reserved 1048576K
}
Event: 49.931 GC heap after
{Heap after GC invocations=30 (full 0):
 garbage-first heap   total 312320K, used 208274K [0x00000006e0000000, 0x0000000800000000)
  region size 1024K, 7 young (7168K), 7 survivors (7168K)
 Metaspace       used 101109K, capacity 107002K, committed 107464K, reserved 1142784K
  class space    used 12997K, capacity 15068K, committed 15232K, reserved 1048576K
}
Event: 50.408 GC heap before
{Heap before GC invocations=30 (full 0):
 garbage-first heap   total 312320K, used 264594K [0x00000006e0000000, 0x0000000800000000)
  region size 1024K, 63 young (64512K), 7 survivors (7168K)
 Metaspace       used 101284K, capacity 107317K, committed 107720K, reserved 1142784K
  class space    used 13006K, capacity 15083K, committed 15232K, reserved 1048576K
}
Event: 50.420 GC heap after
{Heap after GC invocations=31 (full 0):
 garbage-first heap   total 312320K, used 213962K [0x00000006e0000000, 0x0000000800000000)
  region size 1024K, 6 young (6144K), 6 survivors (6144K)
 Metaspace       used 101284K, capacity 107317K, committed 107720K, reserved 1142784K
  class space    used 13006K, capacity 15083K, committed 15232K, reserved 1048576K
}
Event: 51.227 GC heap before
{Heap before GC invocations=32 (full 0):
 garbage-first heap   total 312320K, used 265162K [0x00000006e0000000, 0x0000000800000000)
  region size 1024K, 57 young (58368K), 6 survivors (6144K)
 Metaspace       used 101349K, capacity 107325K, committed 107720K, reserved 1142784K
  class space    used 13006K, capacity 15083K, committed 15232K, reserved 1048576K
}
Event: 51.238 GC heap after
{Heap after GC invocations=33 (full 0):
 garbage-first heap   total 312320K, used 218262K [0x00000006e0000000, 0x0000000800000000)
  region size 1024K, 5 young (5120K), 5 survivors (5120K)
 Metaspace       used 101349K, capacity 107325K, committed 107720K, reserved 1142784K
  class space    used 13006K, capacity 15083K, committed 15232K, reserved 1048576K
}
Event: 51.497 GC heap before
{Heap before GC invocations=33 (full 0):
 garbage-first heap   total 312320K, used 266390K [0x00000006e0000000, 0x0000000800000000)
  region size 1024K, 53 young (54272K), 5 survivors (5120K)
 Metaspace       used 101573K, capacity 107585K, committed 108104K, reserved 1142784K
  class space    used 13031K, capacity 15160K, committed 15360K, reserved 1048576K
}
Event: 51.511 GC heap after
{Heap after GC invocations=34 (full 0):
 garbage-first heap   total 374784K, used 223257K [0x00000006e0000000, 0x0000000800000000)
  region size 1024K, 5 young (5120K), 5 survivors (5120K)
 Metaspace       used 101573K, capacity 107585K, committed 108104K, reserved 1142784K
  class space    used 13031K, capacity 15160K, committed 15360K, reserved 1048576K
}
Event: 52.433 GC heap before
{Heap before GC invocations=35 (full 0):
 garbage-first heap   total 374784K, used 300057K [0x00000006e0000000, 0x0000000800000000)
  region size 1024K, 81 young (82944K), 5 survivors (5120K)
 Metaspace       used 101930K, capacity 107943K, committed 108360K, reserved 1142784K
  class space    used 13060K, capacity 15201K, committed 15360K, reserved 1048576K
}
Event: 52.448 GC heap after
{Heap after GC invocations=36 (full 0):
 garbage-first heap   total 374784K, used 228232K [0x00000006e0000000, 0x0000000800000000)
  region size 1024K, 10 young (10240K), 10 survivors (10240K)
 Metaspace       used 101930K, capacity 107943K, committed 108360K, reserved 1142784K
  class space    used 13060K, capacity 15201K, committed 15360K, reserved 1048576K
}
Event: 53.282 GC heap before
{Heap before GC invocations=36 (full 0):
 garbage-first heap   total 374784K, used 305032K [0x00000006e0000000, 0x0000000800000000)
  region size 1024K, 86 young (88064K), 10 survivors (10240K)
 Metaspace       used 106835K, capacity 112911K, committed 113352K, reserved 1146880K
  class space    used 13692K, capacity 15811K, committed 16000K, reserved 1048576K
}
Event: 53.304 GC heap after
{Heap after GC invocations=37 (full 0):
 garbage-first heap   total 374784K, used 231893K [0x00000006e0000000, 0x0000000800000000)
  region size 1024K, 9 young (9216K), 9 survivors (9216K)
 Metaspace       used 106835K, capacity 112911K, committed 113352K, reserved 1146880K
  class space    used 13692K, capacity 15811K, committed 16000K, reserved 1048576K
}
Event: 54.164 GC heap before
{Heap before GC invocations=38 (full 0):
 garbage-first heap   total 374784K, used 309717K [0x00000006e0000000, 0x0000000800000000)
  region size 1024K, 86 young (88064K), 9 survivors (9216K)
 Metaspace       used 107549K, capacity 113736K, committed 113992K, reserved 1146880K
  class space    used 13774K, capacity 15953K, committed 16128K, reserved 1048576K
}
Event: 54.181 GC heap after
{Heap after GC invocations=39 (full 0):
 garbage-first heap   total 374784K, used 238543K [0x00000006e0000000, 0x0000000800000000)
  region size 1024K, 10 young (10240K), 10 survivors (10240K)
 Metaspace       used 107549K, capacity 113736K, committed 113992K, reserved 1146880K
  class space    used 13774K, capacity 15953K, committed 16128K, reserved 1048576K
}
Event: 54.561 GC heap before
{Heap before GC invocations=39 (full 0):
 garbage-first heap   total 374784K, used 313295K [0x00000006e0000000, 0x0000000800000000)
  region size 1024K, 84 young (86016K), 10 survivors (10240K)
 Metaspace       used 107612K, capacity 113811K, committed 113992K, reserved 1146880K
  class space    used 13776K, capacity 15955K, committed 16128K, reserved 1048576K
}
Event: 54.580 GC heap after
{Heap after GC invocations=40 (full 0):
 garbage-first heap   total 450560K, used 242588K [0x00000006e0000000, 0x0000000800000000)
  region size 1024K, 5 young (5120K), 5 survivors (5120K)
 Metaspace       used 107612K, capacity 113811K, committed 113992K, reserved 1146880K
  class space    used 13776K, capacity 15955K, committed 16128K, reserved 1048576K
}

