# JRE version: OpenJDK Runtime Environment Microsoft-8035250 (11.0.20+8) (build 11.0.20+8-LTS)
# Java VM: OpenJDK 64-Bit Server VM Microsoft-8035250 (11.0.20+8-LTS, mixed mode, tiered, compressed oops, g1 gc, windows-amd64)
Heap:
 garbage-first heap   total 260096K, used 81025K [0x00000006e0000000, 0x0000000800000000)
  region size 1024K, 21 young (21504K), 9 survivors (9216K)
 Metaspace       used 71619K, capacity 73769K, committed 73904K, reserved 1114112K
  class space    used 9191K, capacity 9980K, committed 9984K, reserved 1048576K
GC Heap History (20 events):
Event: 0.641 GC heap before
{Heap before GC invocations=0 (full 0):
 garbage-first heap   total 260096K, used 29696K [0x00000006e0000000, 0x0000000800000000)
  region size 1024K, 24 young (24576K), 0 survivors (0K)
 Metaspace       used 10226K, capacity 10504K, committed 10624K, reserved 1058816K
  class space    used 1046K, capacity 1140K, committed 1152K, reserved 1048576K
}
Event: 0.646 GC heap after
{Heap after GC invocations=1 (full 0):
 garbage-first heap   total 260096K, used 9517K [0x00000006e0000000, 0x0000000800000000)
  region size 1024K, 3 young (3072K), 3 survivors (3072K)
 Metaspace       used 10226K, capacity 10504K, committed 10624K, reserved 1058816K
  class space    used 1046K, capacity 1140K, committed 1152K, reserved 1048576K
}
Event: 5.601 GC heap before
{Heap before GC invocations=1 (full 0):
 garbage-first heap   total 260096K, used 96557K [0x00000006e0000000, 0x0000000800000000)
  region size 1024K, 89 young (91136K), 3 survivors (3072K)
 Metaspace       used 20743K, capacity 21148K, committed 21296K, reserved 1069056K
  class space    used 2469K, capacity 2627K, committed 2688K, reserved 1048576K
}
Event: 5.612 GC heap after
{Heap after GC invocations=2 (full 0):
 garbage-first heap   total 260096K, used 17371K [0x00000006e0000000, 0x0000000800000000)
  region size 1024K, 11 young (11264K), 11 survivors (11264K)
 Metaspace       used 20743K, capacity 21148K, committed 21296K, reserved 1069056K
  class space    used 2469K, capacity 2627K, committed 2688K, reserved 1048576K
}
Event: 5.815 GC heap before
{Heap before GC invocations=3 (full 0):
 garbage-first heap   total 260096K, used 39899K [0x00000006e0000000, 0x0000000800000000)
  region size 1024K, 33 young (33792K), 11 survivors (11264K)
 Metaspace       used 22692K, capacity 23245K, committed 23472K, reserved 1069056K
  class space    used 2817K, capacity 3013K, committed 3072K, reserved 1048576K
}
Event: 5.823 GC heap after
{Heap after GC invocations=4 (full 0):
 garbage-first heap   total 260096K, used 18011K [0x00000006e0000000, 0x0000000800000000)
  region size 1024K, 2 young (2048K), 2 survivors (2048K)
 Metaspace       used 22692K, capacity 23245K, committed 23472K, reserved 1069056K
  class space    used 2817K, capacity 3013K, committed 3072K, reserved 1048576K
}
Event: 6.957 GC heap before
{Heap before GC invocations=4 (full 0):
 garbage-first heap   total 260096K, used 108123K [0x00000006e0000000, 0x0000000800000000)
  region size 1024K, 90 young (92160K), 2 survivors (2048K)
 Metaspace       used 34930K, capacity 35734K, committed 35888K, reserved 1081344K
  class space    used 4443K, capacity 4734K, committed 4736K, reserved 1048576K
}
Event: 6.962 GC heap after
{Heap after GC invocations=5 (full 0):
 garbage-first heap   total 260096K, used 22492K [0x00000006e0000000, 0x0000000800000000)
  region size 1024K, 6 young (6144K), 6 survivors (6144K)
 Metaspace       used 34930K, capacity 35734K, committed 35888K, reserved 1081344K
  class space    used 4443K, capacity 4734K, committed 4736K, reserved 1048576K
}
Event: 6.965 GC heap before
{Heap before GC invocations=5 (full 0):
 garbage-first heap   total 260096K, used 22492K [0x00000006e0000000, 0x0000000800000000)
  region size 1024K, 7 young (7168K), 6 survivors (6144K)
 Metaspace       used 34968K, capacity 35734K, committed 35888K, reserved 1081344K
  class space    used 4451K, capacity 4734K, committed 4736K, reserved 1048576K
}
Event: 6.973 GC heap after
{Heap after GC invocations=6 (full 0):
 garbage-first heap   total 260096K, used 22678K [0x00000006e0000000, 0x0000000800000000)
  region size 1024K, 6 young (6144K), 6 survivors (6144K)
 Metaspace       used 34968K, capacity 35734K, committed 35888K, reserved 1081344K
  class space    used 4451K, capacity 4734K, committed 4736K, reserved 1048576K
}
Event: 20.383 GC heap before
{Heap before GC invocations=7 (full 0):
 garbage-first heap   total 260096K, used 143510K [0x00000006e0000000, 0x0000000800000000)
  region size 1024K, 121 young (123904K), 6 survivors (6144K)
 Metaspace       used 43657K, capacity 44840K, committed 44976K, reserved 1089536K
  class space    used 5442K, capacity 5880K, committed 5888K, reserved 1048576K
}
Event: 20.405 GC heap after
{Heap after GC invocations=8 (full 0):
 garbage-first heap   total 260096K, used 31567K [0x00000006e0000000, 0x0000000800000000)
  region size 1024K, 15 young (15360K), 15 survivors (15360K)
 Metaspace       used 43657K, capacity 44840K, committed 44976K, reserved 1089536K
  class space    used 5442K, capacity 5880K, committed 5888K, reserved 1048576K
}
Event: 23.963 GC heap before
{Heap before GC invocations=8 (full 0):
 garbage-first heap   total 260096K, used 160591K [0x00000006e0000000, 0x0000000800000000)
  region size 1024K, 135 young (138240K), 15 survivors (15360K)
 Metaspace       used 50746K, capacity 52284K, committed 52528K, reserved 1095680K
  class space    used 6328K, capacity 6921K, committed 7040K, reserved 1048576K
}
Event: 23.984 GC heap after
{Heap after GC invocations=9 (full 0):
 garbage-first heap   total 260096K, used 49488K [0x00000006e0000000, 0x0000000800000000)
  region size 1024K, 17 young (17408K), 17 survivors (17408K)
 Metaspace       used 50746K, capacity 52284K, committed 52528K, reserved 1095680K
  class space    used 6328K, capacity 6921K, committed 7040K, reserved 1048576K
}
Event: 25.076 GC heap before
{Heap before GC invocations=9 (full 0):
 garbage-first heap   total 260096K, used 99664K [0x00000006e0000000, 0x0000000800000000)
  region size 1024K, 67 young (68608K), 17 survivors (17408K)
 Metaspace       used 58037K, capacity 59805K, committed 59952K, reserved 1101824K
  class space    used 7254K, capacity 7957K, committed 8064K, reserved 1048576K
}
Event: 25.097 GC heap after
{Heap after GC invocations=10 (full 0):
 garbage-first heap   total 260096K, used 53094K [0x00000006e0000000, 0x0000000800000000)
  region size 1024K, 3 young (3072K), 3 survivors (3072K)
 Metaspace       used 58037K, capacity 59805K, committed 59952K, reserved 1101824K
  class space    used 7254K, capacity 7957K, committed 8064K, reserved 1048576K
}
Event: 27.105 GC heap before
{Heap before GC invocations=11 (full 0):
 garbage-first heap   total 260096K, used 152422K [0x00000006e0000000, 0x0000000800000000)
  region size 1024K, 100 young (102400K), 3 survivors (3072K)
 Metaspace       used 64291K, capacity 66246K, committed 66352K, reserved 1107968K
  class space    used 8030K, capacity 8749K, committed 8832K, reserved 1048576K
}
Event: 27.123 GC heap after
{Heap after GC invocations=12 (full 0):
 garbage-first heap   total 260096K, used 61638K [0x00000006e0000000, 0x0000000800000000)
  region size 1024K, 12 young (12288K), 12 survivors (12288K)
 Metaspace       used 64291K, capacity 66246K, committed 66352K, reserved 1107968K
  class space    used 8030K, capacity 8749K, committed 8832K, reserved 1048576K
}
Event: 42.077 GC heap before
{Heap before GC invocations=12 (full 0):
 garbage-first heap   total 260096K, used 161990K [0x00000006e0000000, 0x0000000800000000)
  region size 1024K, 111 young (113664K), 12 survivors (12288K)
 Metaspace       used 71442K, capacity 73497K, committed 73648K, reserved 1114112K
  class space    used 9162K, capacity 9937K, committed 9984K, reserved 1048576K
}
Event: 42.093 GC heap after
{Heap after GC invocations=13 (full 0):
 garbage-first heap   total 260096K, used 69761K [0x00000006e0000000, 0x0000000800000000)
  region size 1024K, 9 young (9216K), 9 survivors (9216K)
 Metaspace       used 71442K, capacity 73497K, committed 73648K, reserved 1114112K
  class space    used 9162K, capacity 9937K, committed 9984K, reserved 1048576K
}

